02-May-2019 16:55:48.621 INFO [main] org.apache.catalina.startup.VersionLoggerListener.log Server version name:   Apache Tomcat/9.0.16
02-May-2019 16:55:48.624 INFO [main] org.apache.catalina.startup.VersionLoggerListener.log Server built:          Feb 4 2019 16:30:29 UTC
02-May-2019 16:55:48.625 INFO [main] org.apache.catalina.startup.VersionLoggerListener.log Server version number: 9.0.16.0
02-May-2019 16:55:48.625 INFO [main] org.apache.catalina.startup.VersionLoggerListener.log OS Name:               Linux
02-May-2019 16:55:48.628 INFO [main] org.apache.catalina.startup.VersionLoggerListener.log OS Version:            4.15.0-47-generic
02-May-2019 16:55:48.628 INFO [main] org.apache.catalina.startup.VersionLoggerListener.log Architecture:          amd64
02-May-2019 16:55:48.628 INFO [main] org.apache.catalina.startup.VersionLoggerListener.log Java Home:             /usr/lib/jvm/java-11-openjdk-amd64
02-May-2019 16:55:48.628 INFO [main] org.apache.catalina.startup.VersionLoggerListener.log JVM Version:           10.0.2+13-Ubuntu-1ubuntu0.18.04.4
02-May-2019 16:55:48.628 INFO [main] org.apache.catalina.startup.VersionLoggerListener.log JVM Vendor:            Oracle Corporation
02-May-2019 16:55:48.629 INFO [main] org.apache.catalina.startup.VersionLoggerListener.log CATALINA_BASE:         /home/matthew/Documents/first_dates/apache-tomcat-9.0.16
02-May-2019 16:55:48.629 INFO [main] org.apache.catalina.startup.VersionLoggerListener.log CATALINA_HOME:         /home/matthew/Documents/first_dates/apache-tomcat-9.0.16
02-May-2019 16:55:48.630 INFO [main] org.apache.catalina.startup.VersionLoggerListener.log Command line argument: --add-opens=java.base/java.lang=ALL-UNNAMED
02-May-2019 16:55:48.633 INFO [main] org.apache.catalina.startup.VersionLoggerListener.log Command line argument: --add-opens=java.base/java.io=ALL-UNNAMED
02-May-2019 16:55:48.633 INFO [main] org.apache.catalina.startup.VersionLoggerListener.log Command line argument: --add-opens=java.rmi/sun.rmi.transport=ALL-UNNAMED
02-May-2019 16:55:48.633 INFO [main] org.apache.catalina.startup.VersionLoggerListener.log Command line argument: -Djava.util.logging.config.file=/home/matthew/Documents/first_dates/apache-tomcat-9.0.16/conf/logging.properties
02-May-2019 16:55:48.633 INFO [main] org.apache.catalina.startup.VersionLoggerListener.log Command line argument: -Djava.util.logging.manager=org.apache.juli.ClassLoaderLogManager
02-May-2019 16:55:48.634 INFO [main] org.apache.catalina.startup.VersionLoggerListener.log Command line argument: -Djdk.tls.ephemeralDHKeySize=2048
02-May-2019 16:55:48.634 INFO [main] org.apache.catalina.startup.VersionLoggerListener.log Command line argument: -Djava.protocol.handler.pkgs=org.apache.catalina.webresources
02-May-2019 16:55:48.634 INFO [main] org.apache.catalina.startup.VersionLoggerListener.log Command line argument: -Dorg.apache.catalina.security.SecurityListener.UMASK=0027
02-May-2019 16:55:48.634 INFO [main] org.apache.catalina.startup.VersionLoggerListener.log Command line argument: -Dignore.endorsed.dirs=
02-May-2019 16:55:48.634 INFO [main] org.apache.catalina.startup.VersionLoggerListener.log Command line argument: -Dcatalina.base=/home/matthew/Documents/first_dates/apache-tomcat-9.0.16
02-May-2019 16:55:48.634 INFO [main] org.apache.catalina.startup.VersionLoggerListener.log Command line argument: -Dcatalina.home=/home/matthew/Documents/first_dates/apache-tomcat-9.0.16
02-May-2019 16:55:48.635 INFO [main] org.apache.catalina.startup.VersionLoggerListener.log Command line argument: -Djava.io.tmpdir=/home/matthew/Documents/first_dates/apache-tomcat-9.0.16/temp
02-May-2019 16:55:48.635 INFO [main] org.apache.catalina.core.AprLifecycleListener.lifecycleEvent The APR based Apache Tomcat Native library which allows optimal performance in production environments was not found on the java.library.path: [/usr/java/packages/lib:/usr/lib/x86_64-linux-gnu/jni:/lib/x86_64-linux-gnu:/usr/lib/x86_64-linux-gnu:/usr/lib/jni:/lib:/usr/lib]
02-May-2019 16:55:48.774 INFO [main] org.apache.coyote.AbstractProtocol.init Initializing ProtocolHandler ["http-nio-9189"]
02-May-2019 16:55:48.934 INFO [main] org.apache.coyote.AbstractProtocol.init Initializing ProtocolHandler ["ajp-nio-8009"]
02-May-2019 16:55:48.945 INFO [main] org.apache.catalina.startup.Catalina.load Server initialization in [2,130] milliseconds
02-May-2019 16:55:49.102 INFO [main] org.apache.catalina.core.StandardService.startInternal Starting service [Catalina]
02-May-2019 16:55:49.103 INFO [main] org.apache.catalina.core.StandardEngine.startInternal Starting Servlet engine: [Apache Tomcat/9.0.16]
02-May-2019 16:55:49.123 INFO [main] org.apache.catalina.startup.HostConfig.deployDirectory Deploying web application directory [/home/matthew/Documents/first_dates/apache-tomcat-9.0.16/webapps/manager]
02-May-2019 16:55:49.747 WARNING [main] org.apache.catalina.util.SessionIdGeneratorBase.createSecureRandom Creation of SecureRandom instance for session ID generation using [SHA1PRNG] took [143] milliseconds.
02-May-2019 16:55:49.853 INFO [main] org.apache.catalina.startup.HostConfig.deployDirectory Deployment of web application directory [/home/matthew/Documents/first_dates/apache-tomcat-9.0.16/webapps/manager] has finished in [730] ms
02-May-2019 16:55:49.854 INFO [main] org.apache.catalina.startup.HostConfig.deployDirectory Deploying web application directory [/home/matthew/Documents/first_dates/apache-tomcat-9.0.16/webapps/examples]
02-May-2019 16:55:51.621 INFO [main] org.apache.catalina.startup.HostConfig.deployDirectory Deployment of web application directory [/home/matthew/Documents/first_dates/apache-tomcat-9.0.16/webapps/examples] has finished in [1,766] ms
02-May-2019 16:55:51.621 INFO [main] org.apache.catalina.startup.HostConfig.deployDirectory Deploying web application directory [/home/matthew/Documents/first_dates/apache-tomcat-9.0.16/webapps/host-manager]
02-May-2019 16:55:51.656 INFO [main] org.apache.catalina.startup.HostConfig.deployDirectory Deployment of web application directory [/home/matthew/Documents/first_dates/apache-tomcat-9.0.16/webapps/host-manager] has finished in [35] ms
02-May-2019 16:55:51.657 INFO [main] org.apache.catalina.startup.HostConfig.deployDirectory Deploying web application directory [/home/matthew/Documents/first_dates/apache-tomcat-9.0.16/webapps/first_dates]
02-May-2019 16:55:51.953 WARNING [main] org.apache.tomcat.dbcp.dbcp2.BasicDataSourceFactory.getObjectInstance Name = First_dates Property maxActive is not used in DBCP2, use maxTotal instead. maxTotal default value is 8. You have set value of "8" for "maxActive" property, which is being ignored.
02-May-2019 16:55:51.970 INFO [main] org.apache.tomcat.dbcp.dbcp2.BasicDataSourceFactory.getObjectInstance Name = FirstDates Ignoring unknown property: value of "Resource reference to a factory for java.sql.Connection
        instances that may be used for talking to a particular
        database that is configured in the Context
        configurartion for the web application." for "description" property
02-May-2019 16:55:51.988 INFO [main] org.apache.jasper.servlet.TldScanner.scanJars At least one JAR was scanned for TLDs yet contained no TLDs. Enable debug logging for this logger for a complete list of JARs that were scanned but no TLDs were found in them. Skipping unneeded JARs during scanning can improve startup time and JSP compilation time.
02-May-2019 16:55:52.030 INFO [main] org.apache.catalina.startup.HostConfig.deployDirectory Deployment of web application directory [/home/matthew/Documents/first_dates/apache-tomcat-9.0.16/webapps/first_dates] has finished in [373] ms
02-May-2019 16:55:52.030 INFO [main] org.apache.catalina.startup.HostConfig.deployDirectory Deploying web application directory [/home/matthew/Documents/first_dates/apache-tomcat-9.0.16/webapps/docs]
02-May-2019 16:55:52.057 INFO [main] org.apache.catalina.startup.HostConfig.deployDirectory Deployment of web application directory [/home/matthew/Documents/first_dates/apache-tomcat-9.0.16/webapps/docs] has finished in [27] ms
02-May-2019 16:55:52.057 INFO [main] org.apache.catalina.startup.HostConfig.deployDirectory Deploying web application directory [/home/matthew/Documents/first_dates/apache-tomcat-9.0.16/webapps/ROOT]
02-May-2019 16:55:52.087 INFO [main] org.apache.catalina.startup.HostConfig.deployDirectory Deployment of web application directory [/home/matthew/Documents/first_dates/apache-tomcat-9.0.16/webapps/ROOT] has finished in [30] ms
02-May-2019 16:55:52.096 INFO [main] org.apache.coyote.AbstractProtocol.start Starting ProtocolHandler ["http-nio-9189"]
02-May-2019 16:55:52.117 INFO [main] org.apache.coyote.AbstractProtocol.start Starting ProtocolHandler ["ajp-nio-8009"]
02-May-2019 16:55:52.146 INFO [main] org.apache.catalina.startup.Catalina.start Server startup in [3,200] milliseconds
