07-Apr-2019 12:10:16.202 INFO [main] org.apache.catalina.startup.VersionLoggerListener.log Server version name:   Apache Tomcat/9.0.16
07-Apr-2019 12:10:16.206 INFO [main] org.apache.catalina.startup.VersionLoggerListener.log Server built:          Feb 4 2019 16:30:29 UTC
07-Apr-2019 12:10:16.206 INFO [main] org.apache.catalina.startup.VersionLoggerListener.log Server version number: 9.0.16.0
07-Apr-2019 12:10:16.206 INFO [main] org.apache.catalina.startup.VersionLoggerListener.log OS Name:               Linux
07-Apr-2019 12:10:16.206 INFO [main] org.apache.catalina.startup.VersionLoggerListener.log OS Version:            4.15.0-47-generic
07-Apr-2019 12:10:16.207 INFO [main] org.apache.catalina.startup.VersionLoggerListener.log Architecture:          amd64
07-Apr-2019 12:10:16.207 INFO [main] org.apache.catalina.startup.VersionLoggerListener.log Java Home:             /usr/lib/jvm/java-11-openjdk-amd64
07-Apr-2019 12:10:16.207 INFO [main] org.apache.catalina.startup.VersionLoggerListener.log JVM Version:           10.0.2+13-Ubuntu-1ubuntu0.18.04.4
07-Apr-2019 12:10:16.207 INFO [main] org.apache.catalina.startup.VersionLoggerListener.log JVM Vendor:            Oracle Corporation
07-Apr-2019 12:10:16.207 INFO [main] org.apache.catalina.startup.VersionLoggerListener.log CATALINA_BASE:         /home/matthew/Documents/first_dates/apache-tomcat-9.0.16
07-Apr-2019 12:10:16.207 INFO [main] org.apache.catalina.startup.VersionLoggerListener.log CATALINA_HOME:         /home/matthew/Documents/first_dates/apache-tomcat-9.0.16
07-Apr-2019 12:10:16.223 INFO [main] org.apache.catalina.startup.VersionLoggerListener.log Command line argument: --add-opens=java.base/java.lang=ALL-UNNAMED
07-Apr-2019 12:10:16.223 INFO [main] org.apache.catalina.startup.VersionLoggerListener.log Command line argument: --add-opens=java.base/java.io=ALL-UNNAMED
07-Apr-2019 12:10:16.224 INFO [main] org.apache.catalina.startup.VersionLoggerListener.log Command line argument: --add-opens=java.rmi/sun.rmi.transport=ALL-UNNAMED
07-Apr-2019 12:10:16.224 INFO [main] org.apache.catalina.startup.VersionLoggerListener.log Command line argument: -Djava.util.logging.config.file=/home/matthew/Documents/first_dates/apache-tomcat-9.0.16/conf/logging.properties
07-Apr-2019 12:10:16.224 INFO [main] org.apache.catalina.startup.VersionLoggerListener.log Command line argument: -Djava.util.logging.manager=org.apache.juli.ClassLoaderLogManager
07-Apr-2019 12:10:16.224 INFO [main] org.apache.catalina.startup.VersionLoggerListener.log Command line argument: -Djdk.tls.ephemeralDHKeySize=2048
07-Apr-2019 12:10:16.224 INFO [main] org.apache.catalina.startup.VersionLoggerListener.log Command line argument: -Djava.protocol.handler.pkgs=org.apache.catalina.webresources
07-Apr-2019 12:10:16.224 INFO [main] org.apache.catalina.startup.VersionLoggerListener.log Command line argument: -Dorg.apache.catalina.security.SecurityListener.UMASK=0027
07-Apr-2019 12:10:16.225 INFO [main] org.apache.catalina.startup.VersionLoggerListener.log Command line argument: -Dignore.endorsed.dirs=
07-Apr-2019 12:10:16.225 INFO [main] org.apache.catalina.startup.VersionLoggerListener.log Command line argument: -Dcatalina.base=/home/matthew/Documents/first_dates/apache-tomcat-9.0.16
07-Apr-2019 12:10:16.225 INFO [main] org.apache.catalina.startup.VersionLoggerListener.log Command line argument: -Dcatalina.home=/home/matthew/Documents/first_dates/apache-tomcat-9.0.16
07-Apr-2019 12:10:16.225 INFO [main] org.apache.catalina.startup.VersionLoggerListener.log Command line argument: -Djava.io.tmpdir=/home/matthew/Documents/first_dates/apache-tomcat-9.0.16/temp
07-Apr-2019 12:10:16.225 INFO [main] org.apache.catalina.core.AprLifecycleListener.lifecycleEvent The APR based Apache Tomcat Native library which allows optimal performance in production environments was not found on the java.library.path: [/usr/java/packages/lib:/usr/lib/x86_64-linux-gnu/jni:/lib/x86_64-linux-gnu:/usr/lib/x86_64-linux-gnu:/usr/lib/jni:/lib:/usr/lib]
07-Apr-2019 12:10:16.361 INFO [main] org.apache.coyote.AbstractProtocol.init Initializing ProtocolHandler ["http-nio-8090"]
07-Apr-2019 12:10:16.614 INFO [main] org.apache.coyote.AbstractProtocol.init Initializing ProtocolHandler ["ajp-nio-8009"]
07-Apr-2019 12:10:16.682 INFO [main] org.apache.catalina.startup.Catalina.load Server initialization in [1,939] milliseconds
07-Apr-2019 12:10:16.817 INFO [main] org.apache.catalina.core.StandardService.startInternal Starting service [Catalina]
07-Apr-2019 12:10:16.817 INFO [main] org.apache.catalina.core.StandardEngine.startInternal Starting Servlet engine: [Apache Tomcat/9.0.16]
07-Apr-2019 12:10:16.851 INFO [main] org.apache.catalina.startup.HostConfig.deployDirectory Deploying web application directory [/home/matthew/Documents/first_dates/apache-tomcat-9.0.16/webapps/manager]
07-Apr-2019 12:10:17.633 WARNING [main] org.apache.catalina.util.SessionIdGeneratorBase.createSecureRandom Creation of SecureRandom instance for session ID generation using [SHA1PRNG] took [128] milliseconds.
07-Apr-2019 12:10:17.732 INFO [main] org.apache.catalina.startup.HostConfig.deployDirectory Deployment of web application directory [/home/matthew/Documents/first_dates/apache-tomcat-9.0.16/webapps/manager] has finished in [880] ms
07-Apr-2019 12:10:17.733 INFO [main] org.apache.catalina.startup.HostConfig.deployDirectory Deploying web application directory [/home/matthew/Documents/first_dates/apache-tomcat-9.0.16/webapps/examples]
07-Apr-2019 12:10:18.553 INFO [main] org.apache.catalina.startup.HostConfig.deployDirectory Deployment of web application directory [/home/matthew/Documents/first_dates/apache-tomcat-9.0.16/webapps/examples] has finished in [820] ms
07-Apr-2019 12:10:18.554 INFO [main] org.apache.catalina.startup.HostConfig.deployDirectory Deploying web application directory [/home/matthew/Documents/first_dates/apache-tomcat-9.0.16/webapps/host-manager]
07-Apr-2019 12:10:18.622 INFO [main] org.apache.catalina.startup.HostConfig.deployDirectory Deployment of web application directory [/home/matthew/Documents/first_dates/apache-tomcat-9.0.16/webapps/host-manager] has finished in [67] ms
07-Apr-2019 12:10:18.622 INFO [main] org.apache.catalina.startup.HostConfig.deployDirectory Deploying web application directory [/home/matthew/Documents/first_dates/apache-tomcat-9.0.16/webapps/first_dates]
07-Apr-2019 12:10:19.079 WARNING [main] org.apache.tomcat.dbcp.dbcp2.BasicDataSourceFactory.getObjectInstance Name = First_dates Property maxActive is not used in DBCP2, use maxTotal instead. maxTotal default value is 8. You have set value of "8" for "maxActive" property, which is being ignored.
07-Apr-2019 12:10:19.108 INFO [main] org.apache.tomcat.dbcp.dbcp2.BasicDataSourceFactory.getObjectInstance Name = FirstDates Ignoring unknown property: value of "Resource reference to a factory for java.sql.Connection
        instances that may be used for talking to a particular
        database that is configured in the Context
        configurartion for the web application." for "description" property
07-Apr-2019 12:10:19.138 INFO [main] org.apache.jasper.servlet.TldScanner.scanJars At least one JAR was scanned for TLDs yet contained no TLDs. Enable debug logging for this logger for a complete list of JARs that were scanned but no TLDs were found in them. Skipping unneeded JARs during scanning can improve startup time and JSP compilation time.
07-Apr-2019 12:10:19.250 INFO [main] org.apache.catalina.startup.HostConfig.deployDirectory Deployment of web application directory [/home/matthew/Documents/first_dates/apache-tomcat-9.0.16/webapps/first_dates] has finished in [628] ms
07-Apr-2019 12:10:19.251 INFO [main] org.apache.catalina.startup.HostConfig.deployDirectory Deploying web application directory [/home/matthew/Documents/first_dates/apache-tomcat-9.0.16/webapps/docs]
07-Apr-2019 12:10:19.283 INFO [main] org.apache.catalina.startup.HostConfig.deployDirectory Deployment of web application directory [/home/matthew/Documents/first_dates/apache-tomcat-9.0.16/webapps/docs] has finished in [32] ms
07-Apr-2019 12:10:19.283 INFO [main] org.apache.catalina.startup.HostConfig.deployDirectory Deploying web application directory [/home/matthew/Documents/first_dates/apache-tomcat-9.0.16/webapps/ROOT]
07-Apr-2019 12:10:19.306 INFO [main] org.apache.catalina.startup.HostConfig.deployDirectory Deployment of web application directory [/home/matthew/Documents/first_dates/apache-tomcat-9.0.16/webapps/ROOT] has finished in [22] ms
07-Apr-2019 12:10:19.313 INFO [main] org.apache.coyote.AbstractProtocol.start Starting ProtocolHandler ["http-nio-8090"]
07-Apr-2019 12:10:19.336 INFO [main] org.apache.coyote.AbstractProtocol.start Starting ProtocolHandler ["ajp-nio-8009"]
07-Apr-2019 12:10:19.365 INFO [main] org.apache.catalina.startup.Catalina.start Server startup in [2,682] milliseconds
