04-May-2019 08:56:44.272 INFO [main] org.apache.catalina.core.ApplicationContext.log ContextListener: contextInitialized()
04-May-2019 08:56:44.272 INFO [main] org.apache.catalina.core.ApplicationContext.log SessionListener: contextInitialized()
04-May-2019 08:56:44.274 INFO [main] org.apache.catalina.core.ApplicationContext.log ContextListener: attributeAdded('StockTicker', 'async.Stockticker@7048f722')
04-May-2019 09:14:07.761 INFO [main] org.apache.catalina.core.ApplicationContext.log SessionListener: contextDestroyed()
04-May-2019 09:14:07.761 INFO [main] org.apache.catalina.core.ApplicationContext.log ContextListener: contextDestroyed()
04-May-2019 09:14:13.246 INFO [main] org.apache.catalina.core.ApplicationContext.log ContextListener: contextInitialized()
04-May-2019 09:14:13.246 INFO [main] org.apache.catalina.core.ApplicationContext.log SessionListener: contextInitialized()
04-May-2019 09:14:13.248 INFO [main] org.apache.catalina.core.ApplicationContext.log ContextListener: attributeAdded('StockTicker', 'async.Stockticker@58dea0a5')
04-May-2019 09:16:02.798 INFO [main] org.apache.catalina.core.ApplicationContext.log SessionListener: contextDestroyed()
04-May-2019 09:16:02.799 INFO [main] org.apache.catalina.core.ApplicationContext.log ContextListener: contextDestroyed()
04-May-2019 09:16:05.623 INFO [main] org.apache.catalina.core.ApplicationContext.log ContextListener: contextInitialized()
04-May-2019 09:16:05.623 INFO [main] org.apache.catalina.core.ApplicationContext.log SessionListener: contextInitialized()
04-May-2019 09:16:05.627 INFO [main] org.apache.catalina.core.ApplicationContext.log ContextListener: attributeAdded('StockTicker', 'async.Stockticker@1c807b1d')
04-May-2019 09:17:08.910 INFO [main] org.apache.catalina.core.ApplicationContext.log SessionListener: contextDestroyed()
04-May-2019 09:17:08.910 INFO [main] org.apache.catalina.core.ApplicationContext.log ContextListener: contextDestroyed()
04-May-2019 09:17:11.887 INFO [main] org.apache.catalina.core.ApplicationContext.log ContextListener: contextInitialized()
04-May-2019 09:17:11.887 INFO [main] org.apache.catalina.core.ApplicationContext.log SessionListener: contextInitialized()
04-May-2019 09:17:11.891 INFO [main] org.apache.catalina.core.ApplicationContext.log ContextListener: attributeAdded('StockTicker', 'async.Stockticker@1c807b1d')
04-May-2019 10:46:54.498 INFO [main] org.apache.catalina.core.ApplicationContext.log SessionListener: contextDestroyed()
04-May-2019 10:46:54.498 INFO [main] org.apache.catalina.core.ApplicationContext.log ContextListener: contextDestroyed()
04-May-2019 10:47:00.072 INFO [main] org.apache.catalina.core.ApplicationContext.log ContextListener: contextInitialized()
04-May-2019 10:47:00.073 INFO [main] org.apache.catalina.core.ApplicationContext.log SessionListener: contextInitialized()
04-May-2019 10:47:00.074 INFO [main] org.apache.catalina.core.ApplicationContext.log ContextListener: attributeAdded('StockTicker', 'async.Stockticker@c8b96ec')
04-May-2019 15:25:11.883 INFO [main] org.apache.catalina.core.ApplicationContext.log SessionListener: contextDestroyed()
04-May-2019 15:25:11.883 INFO [main] org.apache.catalina.core.ApplicationContext.log ContextListener: contextDestroyed()
04-May-2019 15:25:18.783 INFO [main] org.apache.catalina.core.ApplicationContext.log ContextListener: contextInitialized()
04-May-2019 15:25:18.783 INFO [main] org.apache.catalina.core.ApplicationContext.log SessionListener: contextInitialized()
04-May-2019 15:25:18.785 INFO [main] org.apache.catalina.core.ApplicationContext.log ContextListener: attributeAdded('StockTicker', 'async.Stockticker@7048f722')
04-May-2019 16:36:45.731 INFO [main] org.apache.catalina.core.ApplicationContext.log SessionListener: contextDestroyed()
04-May-2019 16:36:45.731 INFO [main] org.apache.catalina.core.ApplicationContext.log ContextListener: contextDestroyed()
04-May-2019 16:36:52.893 INFO [main] org.apache.catalina.core.ApplicationContext.log ContextListener: contextInitialized()
04-May-2019 16:36:52.897 INFO [main] org.apache.catalina.core.ApplicationContext.log SessionListener: contextInitialized()
04-May-2019 16:36:52.900 INFO [main] org.apache.catalina.core.ApplicationContext.log ContextListener: attributeAdded('StockTicker', 'async.Stockticker@547e29a4')
04-May-2019 16:37:47.126 INFO [main] org.apache.catalina.core.ApplicationContext.log SessionListener: contextDestroyed()
04-May-2019 16:37:47.126 INFO [main] org.apache.catalina.core.ApplicationContext.log ContextListener: contextDestroyed()
04-May-2019 16:37:50.622 INFO [main] org.apache.catalina.core.ApplicationContext.log ContextListener: contextInitialized()
04-May-2019 16:37:50.623 INFO [main] org.apache.catalina.core.ApplicationContext.log SessionListener: contextInitialized()
04-May-2019 16:37:50.624 INFO [main] org.apache.catalina.core.ApplicationContext.log ContextListener: attributeAdded('StockTicker', 'async.Stockticker@5851bd4f')
04-May-2019 16:37:54.147 SEVERE [http-nio-9189-exec-1] org.apache.catalina.core.StandardWrapperValve.invoke Servlet.service() for servlet [controllers.Home] in context with path [/first_dates] threw exception
 java.lang.NullPointerException
	at controllers.Home.doGet(Home.java:28)
	at javax.servlet.http.HttpServlet.service(HttpServlet.java:634)
	at javax.servlet.http.HttpServlet.service(HttpServlet.java:741)
	at org.apache.catalina.core.ApplicationFilterChain.internalDoFilter(ApplicationFilterChain.java:231)
	at org.apache.catalina.core.ApplicationFilterChain.doFilter(ApplicationFilterChain.java:166)
	at org.apache.tomcat.websocket.server.WsFilter.doFilter(WsFilter.java:53)
	at org.apache.catalina.core.ApplicationFilterChain.internalDoFilter(ApplicationFilterChain.java:193)
	at org.apache.catalina.core.ApplicationFilterChain.doFilter(ApplicationFilterChain.java:166)
	at org.apache.catalina.core.StandardWrapperValve.invoke(StandardWrapperValve.java:200)
	at org.apache.catalina.core.StandardContextValve.invoke(StandardContextValve.java:96)
	at org.apache.catalina.authenticator.AuthenticatorBase.invoke(AuthenticatorBase.java:490)
	at org.apache.catalina.core.StandardHostValve.invoke(StandardHostValve.java:139)
	at org.apache.catalina.valves.ErrorReportValve.invoke(ErrorReportValve.java:92)
	at org.apache.catalina.valves.AbstractAccessLogValve.invoke(AbstractAccessLogValve.java:668)
	at org.apache.catalina.core.StandardEngineValve.invoke(StandardEngineValve.java:74)
	at org.apache.catalina.connector.CoyoteAdapter.service(CoyoteAdapter.java:343)
	at org.apache.coyote.http11.Http11Processor.service(Http11Processor.java:408)
	at org.apache.coyote.AbstractProcessorLight.process(AbstractProcessorLight.java:66)
	at org.apache.coyote.AbstractProtocol$ConnectionHandler.process(AbstractProtocol.java:834)
	at org.apache.tomcat.util.net.NioEndpoint$SocketProcessor.doRun(NioEndpoint.java:1415)
	at org.apache.tomcat.util.net.SocketProcessorBase.run(SocketProcessorBase.java:49)
	at java.base/java.util.concurrent.ThreadPoolExecutor.runWorker(ThreadPoolExecutor.java:1135)
	at java.base/java.util.concurrent.ThreadPoolExecutor$Worker.run(ThreadPoolExecutor.java:635)
	at org.apache.tomcat.util.threads.TaskThread$WrappingRunnable.run(TaskThread.java:61)
	at java.base/java.lang.Thread.run(Thread.java:844)

04-May-2019 16:39:40.134 INFO [main] org.apache.catalina.core.ApplicationContext.log SessionListener: contextDestroyed()
04-May-2019 16:39:40.134 INFO [main] org.apache.catalina.core.ApplicationContext.log ContextListener: contextDestroyed()
04-May-2019 16:39:45.935 INFO [main] org.apache.catalina.core.ApplicationContext.log ContextListener: contextInitialized()
04-May-2019 16:39:45.936 INFO [main] org.apache.catalina.core.ApplicationContext.log SessionListener: contextInitialized()
04-May-2019 16:39:45.938 INFO [main] org.apache.catalina.core.ApplicationContext.log ContextListener: attributeAdded('StockTicker', 'async.Stockticker@238b521e')
04-May-2019 16:39:48.422 SEVERE [http-nio-9189-exec-1] org.apache.catalina.core.StandardWrapperValve.invoke Servlet.service() for servlet [controllers.Home] in context with path [/first_dates] threw exception
 java.lang.NullPointerException
	at controllers.Home.doGet(Home.java:30)
	at javax.servlet.http.HttpServlet.service(HttpServlet.java:634)
	at javax.servlet.http.HttpServlet.service(HttpServlet.java:741)
	at org.apache.catalina.core.ApplicationFilterChain.internalDoFilter(ApplicationFilterChain.java:231)
	at org.apache.catalina.core.ApplicationFilterChain.doFilter(ApplicationFilterChain.java:166)
	at org.apache.tomcat.websocket.server.WsFilter.doFilter(WsFilter.java:53)
	at org.apache.catalina.core.ApplicationFilterChain.internalDoFilter(ApplicationFilterChain.java:193)
	at org.apache.catalina.core.ApplicationFilterChain.doFilter(ApplicationFilterChain.java:166)
	at org.apache.catalina.core.StandardWrapperValve.invoke(StandardWrapperValve.java:200)
	at org.apache.catalina.core.StandardContextValve.invoke(StandardContextValve.java:96)
	at org.apache.catalina.authenticator.AuthenticatorBase.invoke(AuthenticatorBase.java:490)
	at org.apache.catalina.core.StandardHostValve.invoke(StandardHostValve.java:139)
	at org.apache.catalina.valves.ErrorReportValve.invoke(ErrorReportValve.java:92)
	at org.apache.catalina.valves.AbstractAccessLogValve.invoke(AbstractAccessLogValve.java:668)
	at org.apache.catalina.core.StandardEngineValve.invoke(StandardEngineValve.java:74)
	at org.apache.catalina.connector.CoyoteAdapter.service(CoyoteAdapter.java:343)
	at org.apache.coyote.http11.Http11Processor.service(Http11Processor.java:408)
	at org.apache.coyote.AbstractProcessorLight.process(AbstractProcessorLight.java:66)
	at org.apache.coyote.AbstractProtocol$ConnectionHandler.process(AbstractProtocol.java:834)
	at org.apache.tomcat.util.net.NioEndpoint$SocketProcessor.doRun(NioEndpoint.java:1415)
	at org.apache.tomcat.util.net.SocketProcessorBase.run(SocketProcessorBase.java:49)
	at java.base/java.util.concurrent.ThreadPoolExecutor.runWorker(ThreadPoolExecutor.java:1135)
	at java.base/java.util.concurrent.ThreadPoolExecutor$Worker.run(ThreadPoolExecutor.java:635)
	at org.apache.tomcat.util.threads.TaskThread$WrappingRunnable.run(TaskThread.java:61)
	at java.base/java.lang.Thread.run(Thread.java:844)

04-May-2019 16:39:51.825 SEVERE [http-nio-9189-exec-3] org.apache.catalina.core.StandardWrapperValve.invoke Servlet.service() for servlet [controllers.Home] in context with path [/first_dates] threw exception
 java.lang.NullPointerException
	at controllers.Home.doGet(Home.java:30)
	at javax.servlet.http.HttpServlet.service(HttpServlet.java:634)
	at javax.servlet.http.HttpServlet.service(HttpServlet.java:741)
	at org.apache.catalina.core.ApplicationFilterChain.internalDoFilter(ApplicationFilterChain.java:231)
	at org.apache.catalina.core.ApplicationFilterChain.doFilter(ApplicationFilterChain.java:166)
	at org.apache.tomcat.websocket.server.WsFilter.doFilter(WsFilter.java:53)
	at org.apache.catalina.core.ApplicationFilterChain.internalDoFilter(ApplicationFilterChain.java:193)
	at org.apache.catalina.core.ApplicationFilterChain.doFilter(ApplicationFilterChain.java:166)
	at org.apache.catalina.core.StandardWrapperValve.invoke(StandardWrapperValve.java:200)
	at org.apache.catalina.core.StandardContextValve.invoke(StandardContextValve.java:96)
	at org.apache.catalina.authenticator.AuthenticatorBase.invoke(AuthenticatorBase.java:490)
	at org.apache.catalina.core.StandardHostValve.invoke(StandardHostValve.java:139)
	at org.apache.catalina.valves.ErrorReportValve.invoke(ErrorReportValve.java:92)
	at org.apache.catalina.valves.AbstractAccessLogValve.invoke(AbstractAccessLogValve.java:668)
	at org.apache.catalina.core.StandardEngineValve.invoke(StandardEngineValve.java:74)
	at org.apache.catalina.connector.CoyoteAdapter.service(CoyoteAdapter.java:343)
	at org.apache.coyote.http11.Http11Processor.service(Http11Processor.java:408)
	at org.apache.coyote.AbstractProcessorLight.process(AbstractProcessorLight.java:66)
	at org.apache.coyote.AbstractProtocol$ConnectionHandler.process(AbstractProtocol.java:834)
	at org.apache.tomcat.util.net.NioEndpoint$SocketProcessor.doRun(NioEndpoint.java:1415)
	at org.apache.tomcat.util.net.SocketProcessorBase.run(SocketProcessorBase.java:49)
	at java.base/java.util.concurrent.ThreadPoolExecutor.runWorker(ThreadPoolExecutor.java:1135)
	at java.base/java.util.concurrent.ThreadPoolExecutor$Worker.run(ThreadPoolExecutor.java:635)
	at org.apache.tomcat.util.threads.TaskThread$WrappingRunnable.run(TaskThread.java:61)
	at java.base/java.lang.Thread.run(Thread.java:844)

04-May-2019 16:40:25.965 INFO [main] org.apache.catalina.core.ApplicationContext.log SessionListener: contextDestroyed()
04-May-2019 16:40:25.966 INFO [main] org.apache.catalina.core.ApplicationContext.log ContextListener: contextDestroyed()
04-May-2019 16:40:29.908 INFO [main] org.apache.catalina.core.ApplicationContext.log ContextListener: contextInitialized()
04-May-2019 16:40:29.909 INFO [main] org.apache.catalina.core.ApplicationContext.log SessionListener: contextInitialized()
04-May-2019 16:40:29.911 INFO [main] org.apache.catalina.core.ApplicationContext.log ContextListener: attributeAdded('StockTicker', 'async.Stockticker@1c807b1d')
04-May-2019 16:40:59.741 INFO [main] org.apache.catalina.core.ApplicationContext.log SessionListener: contextDestroyed()
04-May-2019 16:40:59.741 INFO [main] org.apache.catalina.core.ApplicationContext.log ContextListener: contextDestroyed()
04-May-2019 16:41:03.370 INFO [main] org.apache.catalina.core.ApplicationContext.log ContextListener: contextInitialized()
04-May-2019 16:41:03.370 INFO [main] org.apache.catalina.core.ApplicationContext.log SessionListener: contextInitialized()
04-May-2019 16:41:03.372 INFO [main] org.apache.catalina.core.ApplicationContext.log ContextListener: attributeAdded('StockTicker', 'async.Stockticker@5851bd4f')
04-May-2019 16:42:43.051 INFO [main] org.apache.catalina.core.ApplicationContext.log SessionListener: contextDestroyed()
04-May-2019 16:42:43.051 INFO [main] org.apache.catalina.core.ApplicationContext.log ContextListener: contextDestroyed()
04-May-2019 16:42:46.391 INFO [main] org.apache.catalina.core.ApplicationContext.log ContextListener: contextInitialized()
04-May-2019 16:42:46.391 INFO [main] org.apache.catalina.core.ApplicationContext.log SessionListener: contextInitialized()
04-May-2019 16:42:46.393 INFO [main] org.apache.catalina.core.ApplicationContext.log ContextListener: attributeAdded('StockTicker', 'async.Stockticker@c8b96ec')
04-May-2019 16:48:07.944 INFO [Catalina-utility-1] org.apache.catalina.core.ApplicationContext.log SessionListener: contextDestroyed()
04-May-2019 16:48:07.944 INFO [Catalina-utility-1] org.apache.catalina.core.ApplicationContext.log ContextListener: contextDestroyed()
04-May-2019 16:49:39.097 INFO [Catalina-utility-2] org.apache.catalina.core.ApplicationContext.log ContextListener: contextInitialized()
04-May-2019 16:49:39.097 INFO [Catalina-utility-2] org.apache.catalina.core.ApplicationContext.log SessionListener: contextInitialized()
04-May-2019 16:49:39.118 INFO [Catalina-utility-2] org.apache.catalina.core.ApplicationContext.log ContextListener: attributeAdded('StockTicker', 'async.Stockticker@4303d2')
04-May-2019 16:49:42.496 INFO [main] org.apache.catalina.core.ApplicationContext.log SessionListener: contextDestroyed()
04-May-2019 16:49:42.496 INFO [main] org.apache.catalina.core.ApplicationContext.log ContextListener: contextDestroyed()
04-May-2019 16:49:45.325 INFO [main] org.apache.catalina.core.ApplicationContext.log ContextListener: contextInitialized()
04-May-2019 16:49:45.325 INFO [main] org.apache.catalina.core.ApplicationContext.log SessionListener: contextInitialized()
04-May-2019 16:49:45.327 INFO [main] org.apache.catalina.core.ApplicationContext.log ContextListener: attributeAdded('StockTicker', 'async.Stockticker@547e29a4')
04-May-2019 16:52:56.461 INFO [Catalina-utility-2] org.apache.catalina.core.ApplicationContext.log SessionListener: contextDestroyed()
04-May-2019 16:52:56.463 INFO [Catalina-utility-2] org.apache.catalina.core.ApplicationContext.log ContextListener: contextDestroyed()
04-May-2019 16:52:56.639 INFO [Catalina-utility-2] org.apache.catalina.core.ApplicationContext.log ContextListener: contextInitialized()
04-May-2019 16:52:56.639 INFO [Catalina-utility-2] org.apache.catalina.core.ApplicationContext.log SessionListener: contextInitialized()
04-May-2019 16:52:56.641 INFO [Catalina-utility-2] org.apache.catalina.core.ApplicationContext.log ContextListener: attributeAdded('StockTicker', 'async.Stockticker@1a3de6e')
04-May-2019 16:56:17.146 INFO [Catalina-utility-1] org.apache.catalina.core.ApplicationContext.log SessionListener: contextDestroyed()
04-May-2019 16:56:17.146 INFO [Catalina-utility-1] org.apache.catalina.core.ApplicationContext.log ContextListener: contextDestroyed()
04-May-2019 16:56:43.341 INFO [Catalina-utility-1] org.apache.catalina.core.ApplicationContext.log ContextListener: contextInitialized()
04-May-2019 16:56:43.341 INFO [Catalina-utility-1] org.apache.catalina.core.ApplicationContext.log SessionListener: contextInitialized()
04-May-2019 16:56:43.343 INFO [Catalina-utility-1] org.apache.catalina.core.ApplicationContext.log ContextListener: attributeAdded('StockTicker', 'async.Stockticker@123df7fe')
04-May-2019 16:57:54.279 INFO [Catalina-utility-2] org.apache.catalina.core.ApplicationContext.log SessionListener: contextDestroyed()
04-May-2019 16:57:54.279 INFO [Catalina-utility-2] org.apache.catalina.core.ApplicationContext.log ContextListener: contextDestroyed()
04-May-2019 16:57:54.425 INFO [Catalina-utility-2] org.apache.catalina.core.ApplicationContext.log ContextListener: contextInitialized()
04-May-2019 16:57:54.426 INFO [Catalina-utility-2] org.apache.catalina.core.ApplicationContext.log SessionListener: contextInitialized()
04-May-2019 16:57:54.427 INFO [Catalina-utility-2] org.apache.catalina.core.ApplicationContext.log ContextListener: attributeAdded('StockTicker', 'async.Stockticker@7fd6cd0c')
04-May-2019 16:58:03.207 INFO [main] org.apache.catalina.core.ApplicationContext.log SessionListener: contextDestroyed()
04-May-2019 16:58:03.207 INFO [main] org.apache.catalina.core.ApplicationContext.log ContextListener: contextDestroyed()
04-May-2019 16:58:06.067 INFO [main] org.apache.catalina.core.ApplicationContext.log ContextListener: contextInitialized()
04-May-2019 16:58:06.069 INFO [main] org.apache.catalina.core.ApplicationContext.log SessionListener: contextInitialized()
04-May-2019 16:58:06.072 INFO [main] org.apache.catalina.core.ApplicationContext.log ContextListener: attributeAdded('StockTicker', 'async.Stockticker@1b39fd82')
