03-May-2019 09:47:54.918 INFO [main] org.apache.catalina.core.ApplicationContext.log SessionListener: contextDestroyed()
03-May-2019 09:47:54.918 INFO [main] org.apache.catalina.core.ApplicationContext.log ContextListener: contextDestroyed()
03-May-2019 09:48:01.426 INFO [main] org.apache.catalina.core.ApplicationContext.log ContextListener: contextInitialized()
03-May-2019 09:48:01.427 INFO [main] org.apache.catalina.core.ApplicationContext.log SessionListener: contextInitialized()
03-May-2019 09:48:01.429 INFO [main] org.apache.catalina.core.ApplicationContext.log ContextListener: attributeAdded('StockTicker', 'async.Stockticker@3caa4757')
03-May-2019 09:48:42.005 INFO [main] org.apache.catalina.core.ApplicationContext.log SessionListener: contextDestroyed()
03-May-2019 09:48:42.005 INFO [main] org.apache.catalina.core.ApplicationContext.log ContextListener: contextDestroyed()
03-May-2019 09:48:45.239 INFO [main] org.apache.catalina.core.ApplicationContext.log ContextListener: contextInitialized()
03-May-2019 09:48:45.239 INFO [main] org.apache.catalina.core.ApplicationContext.log SessionListener: contextInitialized()
03-May-2019 09:48:45.242 INFO [main] org.apache.catalina.core.ApplicationContext.log ContextListener: attributeAdded('StockTicker', 'async.Stockticker@46cf05f7')
03-May-2019 09:49:40.484 INFO [main] org.apache.catalina.core.ApplicationContext.log SessionListener: contextDestroyed()
03-May-2019 09:49:40.484 INFO [main] org.apache.catalina.core.ApplicationContext.log ContextListener: contextDestroyed()
03-May-2019 09:49:43.199 INFO [main] org.apache.catalina.core.ApplicationContext.log ContextListener: contextInitialized()
03-May-2019 09:49:43.200 INFO [main] org.apache.catalina.core.ApplicationContext.log SessionListener: contextInitialized()
03-May-2019 09:49:43.202 INFO [main] org.apache.catalina.core.ApplicationContext.log ContextListener: attributeAdded('StockTicker', 'async.Stockticker@c8b96ec')
03-May-2019 09:56:29.797 INFO [main] org.apache.catalina.core.ApplicationContext.log SessionListener: contextDestroyed()
03-May-2019 09:56:29.797 INFO [main] org.apache.catalina.core.ApplicationContext.log ContextListener: contextDestroyed()
03-May-2019 09:56:32.814 INFO [main] org.apache.catalina.core.ApplicationContext.log ContextListener: contextInitialized()
03-May-2019 09:56:32.815 INFO [main] org.apache.catalina.core.ApplicationContext.log SessionListener: contextInitialized()
03-May-2019 09:56:32.817 INFO [main] org.apache.catalina.core.ApplicationContext.log ContextListener: attributeAdded('StockTicker', 'async.Stockticker@547e29a4')
03-May-2019 10:00:18.666 INFO [main] org.apache.catalina.core.ApplicationContext.log SessionListener: contextDestroyed()
03-May-2019 10:00:18.666 INFO [main] org.apache.catalina.core.ApplicationContext.log ContextListener: contextDestroyed()
03-May-2019 10:00:21.562 INFO [main] org.apache.catalina.core.ApplicationContext.log ContextListener: contextInitialized()
03-May-2019 10:00:21.562 INFO [main] org.apache.catalina.core.ApplicationContext.log SessionListener: contextInitialized()
03-May-2019 10:00:21.564 INFO [main] org.apache.catalina.core.ApplicationContext.log ContextListener: attributeAdded('StockTicker', 'async.Stockticker@1804f60d')
03-May-2019 10:00:36.345 INFO [main] org.apache.catalina.core.ApplicationContext.log SessionListener: contextDestroyed()
03-May-2019 10:00:36.345 INFO [main] org.apache.catalina.core.ApplicationContext.log ContextListener: contextDestroyed()
03-May-2019 10:00:39.118 INFO [main] org.apache.catalina.core.ApplicationContext.log ContextListener: contextInitialized()
03-May-2019 10:00:39.119 INFO [main] org.apache.catalina.core.ApplicationContext.log SessionListener: contextInitialized()
03-May-2019 10:00:39.120 INFO [main] org.apache.catalina.core.ApplicationContext.log ContextListener: attributeAdded('StockTicker', 'async.Stockticker@1804f60d')
03-May-2019 10:00:46.662 INFO [main] org.apache.catalina.core.ApplicationContext.log SessionListener: contextDestroyed()
03-May-2019 10:00:46.663 INFO [main] org.apache.catalina.core.ApplicationContext.log ContextListener: contextDestroyed()
03-May-2019 10:00:49.410 INFO [main] org.apache.catalina.core.ApplicationContext.log ContextListener: contextInitialized()
03-May-2019 10:00:49.411 INFO [main] org.apache.catalina.core.ApplicationContext.log SessionListener: contextInitialized()
03-May-2019 10:00:49.414 INFO [main] org.apache.catalina.core.ApplicationContext.log ContextListener: attributeAdded('StockTicker', 'async.Stockticker@69c43e48')
03-May-2019 10:01:45.336 SEVERE [http-nio-9189-exec-1] org.apache.catalina.core.ApplicationDispatcher.invoke Servlet.service() for servlet [jsp] threw exception
 org.apache.jasper.JasperException: /home.jsp (line: [43], column: [5]) File [navbar.jsp] not found
	at org.apache.jasper.compiler.DefaultErrorHandler.jspError(DefaultErrorHandler.java:42)
	at org.apache.jasper.compiler.ErrorDispatcher.dispatch(ErrorDispatcher.java:292)
	at org.apache.jasper.compiler.ErrorDispatcher.jspError(ErrorDispatcher.java:98)
	at org.apache.jasper.compiler.Parser.processIncludeDirective(Parser.java:345)
	at org.apache.jasper.compiler.Parser.parseIncludeDirective(Parser.java:380)
	at org.apache.jasper.compiler.Parser.parseDirective(Parser.java:481)
	at org.apache.jasper.compiler.Parser.parseFileDirectives(Parser.java:1797)
	at org.apache.jasper.compiler.Parser.parse(Parser.java:141)
	at org.apache.jasper.compiler.ParserController.doParse(ParserController.java:244)
	at org.apache.jasper.compiler.ParserController.parseDirectives(ParserController.java:127)
	at org.apache.jasper.compiler.Compiler.generateJava(Compiler.java:202)
	at org.apache.jasper.compiler.Compiler.compile(Compiler.java:385)
	at org.apache.jasper.compiler.Compiler.compile(Compiler.java:362)
	at org.apache.jasper.compiler.Compiler.compile(Compiler.java:346)
	at org.apache.jasper.JspCompilationContext.compile(JspCompilationContext.java:603)
	at org.apache.jasper.servlet.JspServletWrapper.service(JspServletWrapper.java:399)
	at org.apache.jasper.servlet.JspServlet.serviceJspFile(JspServlet.java:385)
	at org.apache.jasper.servlet.JspServlet.service(JspServlet.java:329)
	at javax.servlet.http.HttpServlet.service(HttpServlet.java:741)
	at org.apache.catalina.core.ApplicationFilterChain.internalDoFilter(ApplicationFilterChain.java:231)
	at org.apache.catalina.core.ApplicationFilterChain.doFilter(ApplicationFilterChain.java:166)
	at org.apache.tomcat.websocket.server.WsFilter.doFilter(WsFilter.java:53)
	at org.apache.catalina.core.ApplicationFilterChain.internalDoFilter(ApplicationFilterChain.java:193)
	at org.apache.catalina.core.ApplicationFilterChain.doFilter(ApplicationFilterChain.java:166)
	at org.apache.catalina.core.ApplicationDispatcher.invoke(ApplicationDispatcher.java:712)
	at org.apache.catalina.core.ApplicationDispatcher.processRequest(ApplicationDispatcher.java:459)
	at org.apache.catalina.core.ApplicationDispatcher.doForward(ApplicationDispatcher.java:384)
	at org.apache.catalina.core.ApplicationDispatcher.forward(ApplicationDispatcher.java:312)
	at controllers.Home.doGet(Home.java:26)
	at javax.servlet.http.HttpServlet.service(HttpServlet.java:634)
	at javax.servlet.http.HttpServlet.service(HttpServlet.java:741)
	at org.apache.catalina.core.ApplicationFilterChain.internalDoFilter(ApplicationFilterChain.java:231)
	at org.apache.catalina.core.ApplicationFilterChain.doFilter(ApplicationFilterChain.java:166)
	at org.apache.tomcat.websocket.server.WsFilter.doFilter(WsFilter.java:53)
	at org.apache.catalina.core.ApplicationFilterChain.internalDoFilter(ApplicationFilterChain.java:193)
	at org.apache.catalina.core.ApplicationFilterChain.doFilter(ApplicationFilterChain.java:166)
	at org.apache.catalina.core.StandardWrapperValve.invoke(StandardWrapperValve.java:200)
	at org.apache.catalina.core.StandardContextValve.invoke(StandardContextValve.java:96)
	at org.apache.catalina.authenticator.AuthenticatorBase.invoke(AuthenticatorBase.java:490)
	at org.apache.catalina.core.StandardHostValve.invoke(StandardHostValve.java:139)
	at org.apache.catalina.valves.ErrorReportValve.invoke(ErrorReportValve.java:92)
	at org.apache.catalina.valves.AbstractAccessLogValve.invoke(AbstractAccessLogValve.java:668)
	at org.apache.catalina.core.StandardEngineValve.invoke(StandardEngineValve.java:74)
	at org.apache.catalina.connector.CoyoteAdapter.service(CoyoteAdapter.java:343)
	at org.apache.coyote.http11.Http11Processor.service(Http11Processor.java:408)
	at org.apache.coyote.AbstractProcessorLight.process(AbstractProcessorLight.java:66)
	at org.apache.coyote.AbstractProtocol$ConnectionHandler.process(AbstractProtocol.java:834)
	at org.apache.tomcat.util.net.NioEndpoint$SocketProcessor.doRun(NioEndpoint.java:1415)
	at org.apache.tomcat.util.net.SocketProcessorBase.run(SocketProcessorBase.java:49)
	at java.base/java.util.concurrent.ThreadPoolExecutor.runWorker(ThreadPoolExecutor.java:1135)
	at java.base/java.util.concurrent.ThreadPoolExecutor$Worker.run(ThreadPoolExecutor.java:635)
	at org.apache.tomcat.util.threads.TaskThread$WrappingRunnable.run(TaskThread.java:61)
	at java.base/java.lang.Thread.run(Thread.java:844)

03-May-2019 10:01:45.337 SEVERE [http-nio-9189-exec-1] org.apache.catalina.core.StandardWrapperValve.invoke Servlet.service() for servlet [controllers.Home] in context with path [/first_dates] threw exception [/home.jsp (line: [43], column: [5]) File [navbar.jsp] not found] with root cause
 org.apache.jasper.JasperException: /home.jsp (line: [43], column: [5]) File [navbar.jsp] not found
	at org.apache.jasper.compiler.DefaultErrorHandler.jspError(DefaultErrorHandler.java:42)
	at org.apache.jasper.compiler.ErrorDispatcher.dispatch(ErrorDispatcher.java:292)
	at org.apache.jasper.compiler.ErrorDispatcher.jspError(ErrorDispatcher.java:98)
	at org.apache.jasper.compiler.Parser.processIncludeDirective(Parser.java:345)
	at org.apache.jasper.compiler.Parser.parseIncludeDirective(Parser.java:380)
	at org.apache.jasper.compiler.Parser.parseDirective(Parser.java:481)
	at org.apache.jasper.compiler.Parser.parseFileDirectives(Parser.java:1797)
	at org.apache.jasper.compiler.Parser.parse(Parser.java:141)
	at org.apache.jasper.compiler.ParserController.doParse(ParserController.java:244)
	at org.apache.jasper.compiler.ParserController.parseDirectives(ParserController.java:127)
	at org.apache.jasper.compiler.Compiler.generateJava(Compiler.java:202)
	at org.apache.jasper.compiler.Compiler.compile(Compiler.java:385)
	at org.apache.jasper.compiler.Compiler.compile(Compiler.java:362)
	at org.apache.jasper.compiler.Compiler.compile(Compiler.java:346)
	at org.apache.jasper.JspCompilationContext.compile(JspCompilationContext.java:603)
	at org.apache.jasper.servlet.JspServletWrapper.service(JspServletWrapper.java:399)
	at org.apache.jasper.servlet.JspServlet.serviceJspFile(JspServlet.java:385)
	at org.apache.jasper.servlet.JspServlet.service(JspServlet.java:329)
	at javax.servlet.http.HttpServlet.service(HttpServlet.java:741)
	at org.apache.catalina.core.ApplicationFilterChain.internalDoFilter(ApplicationFilterChain.java:231)
	at org.apache.catalina.core.ApplicationFilterChain.doFilter(ApplicationFilterChain.java:166)
	at org.apache.tomcat.websocket.server.WsFilter.doFilter(WsFilter.java:53)
	at org.apache.catalina.core.ApplicationFilterChain.internalDoFilter(ApplicationFilterChain.java:193)
	at org.apache.catalina.core.ApplicationFilterChain.doFilter(ApplicationFilterChain.java:166)
	at org.apache.catalina.core.ApplicationDispatcher.invoke(ApplicationDispatcher.java:712)
	at org.apache.catalina.core.ApplicationDispatcher.processRequest(ApplicationDispatcher.java:459)
	at org.apache.catalina.core.ApplicationDispatcher.doForward(ApplicationDispatcher.java:384)
	at org.apache.catalina.core.ApplicationDispatcher.forward(ApplicationDispatcher.java:312)
	at controllers.Home.doGet(Home.java:26)
	at javax.servlet.http.HttpServlet.service(HttpServlet.java:634)
	at javax.servlet.http.HttpServlet.service(HttpServlet.java:741)
	at org.apache.catalina.core.ApplicationFilterChain.internalDoFilter(ApplicationFilterChain.java:231)
	at org.apache.catalina.core.ApplicationFilterChain.doFilter(ApplicationFilterChain.java:166)
	at org.apache.tomcat.websocket.server.WsFilter.doFilter(WsFilter.java:53)
	at org.apache.catalina.core.ApplicationFilterChain.internalDoFilter(ApplicationFilterChain.java:193)
	at org.apache.catalina.core.ApplicationFilterChain.doFilter(ApplicationFilterChain.java:166)
	at org.apache.catalina.core.StandardWrapperValve.invoke(StandardWrapperValve.java:200)
	at org.apache.catalina.core.StandardContextValve.invoke(StandardContextValve.java:96)
	at org.apache.catalina.authenticator.AuthenticatorBase.invoke(AuthenticatorBase.java:490)
	at org.apache.catalina.core.StandardHostValve.invoke(StandardHostValve.java:139)
	at org.apache.catalina.valves.ErrorReportValve.invoke(ErrorReportValve.java:92)
	at org.apache.catalina.valves.AbstractAccessLogValve.invoke(AbstractAccessLogValve.java:668)
	at org.apache.catalina.core.StandardEngineValve.invoke(StandardEngineValve.java:74)
	at org.apache.catalina.connector.CoyoteAdapter.service(CoyoteAdapter.java:343)
	at org.apache.coyote.http11.Http11Processor.service(Http11Processor.java:408)
	at org.apache.coyote.AbstractProcessorLight.process(AbstractProcessorLight.java:66)
	at org.apache.coyote.AbstractProtocol$ConnectionHandler.process(AbstractProtocol.java:834)
	at org.apache.tomcat.util.net.NioEndpoint$SocketProcessor.doRun(NioEndpoint.java:1415)
	at org.apache.tomcat.util.net.SocketProcessorBase.run(SocketProcessorBase.java:49)
	at java.base/java.util.concurrent.ThreadPoolExecutor.runWorker(ThreadPoolExecutor.java:1135)
	at java.base/java.util.concurrent.ThreadPoolExecutor$Worker.run(ThreadPoolExecutor.java:635)
	at org.apache.tomcat.util.threads.TaskThread$WrappingRunnable.run(TaskThread.java:61)
	at java.base/java.lang.Thread.run(Thread.java:844)

03-May-2019 10:12:09.598 INFO [main] org.apache.catalina.core.ApplicationContext.log SessionListener: contextDestroyed()
03-May-2019 10:12:09.598 INFO [main] org.apache.catalina.core.ApplicationContext.log ContextListener: contextDestroyed()
03-May-2019 10:12:12.436 INFO [main] org.apache.catalina.core.ApplicationContext.log ContextListener: contextInitialized()
03-May-2019 10:12:12.436 INFO [main] org.apache.catalina.core.ApplicationContext.log SessionListener: contextInitialized()
03-May-2019 10:12:12.441 INFO [main] org.apache.catalina.core.ApplicationContext.log ContextListener: attributeAdded('StockTicker', 'async.Stockticker@5851bd4f')
03-May-2019 10:12:31.023 INFO [main] org.apache.catalina.core.ApplicationContext.log ContextListener: contextInitialized()
03-May-2019 10:12:31.024 INFO [main] org.apache.catalina.core.ApplicationContext.log SessionListener: contextInitialized()
03-May-2019 10:12:31.026 INFO [main] org.apache.catalina.core.ApplicationContext.log ContextListener: attributeAdded('StockTicker', 'async.Stockticker@7db0565c')
03-May-2019 10:12:31.434 INFO [main] org.apache.catalina.core.ApplicationContext.log SessionListener: contextDestroyed()
03-May-2019 10:12:31.434 INFO [main] org.apache.catalina.core.ApplicationContext.log ContextListener: contextDestroyed()
03-May-2019 10:12:31.972 INFO [main] org.apache.catalina.core.ApplicationContext.log SessionListener: contextDestroyed()
03-May-2019 10:12:31.973 INFO [main] org.apache.catalina.core.ApplicationContext.log ContextListener: contextDestroyed()
03-May-2019 10:12:35.583 INFO [main] org.apache.catalina.core.ApplicationContext.log ContextListener: contextInitialized()
03-May-2019 10:12:35.584 INFO [main] org.apache.catalina.core.ApplicationContext.log SessionListener: contextInitialized()
03-May-2019 10:12:35.586 INFO [main] org.apache.catalina.core.ApplicationContext.log ContextListener: attributeAdded('StockTicker', 'async.Stockticker@547e29a4')
03-May-2019 10:13:03.565 INFO [main] org.apache.catalina.core.ApplicationContext.log SessionListener: contextDestroyed()
03-May-2019 10:13:03.565 INFO [main] org.apache.catalina.core.ApplicationContext.log ContextListener: contextDestroyed()
03-May-2019 10:13:09.521 INFO [main] org.apache.catalina.core.ApplicationContext.log ContextListener: contextInitialized()
03-May-2019 10:13:09.521 INFO [main] org.apache.catalina.core.ApplicationContext.log SessionListener: contextInitialized()
03-May-2019 10:13:09.527 INFO [main] org.apache.catalina.core.ApplicationContext.log ContextListener: attributeAdded('StockTicker', 'async.Stockticker@2d8f2f3a')
03-May-2019 10:13:23.661 INFO [main] org.apache.catalina.core.ApplicationContext.log SessionListener: contextDestroyed()
03-May-2019 10:13:23.661 INFO [main] org.apache.catalina.core.ApplicationContext.log ContextListener: contextDestroyed()
03-May-2019 10:13:28.071 INFO [main] org.apache.catalina.core.ApplicationContext.log ContextListener: contextInitialized()
03-May-2019 10:13:28.071 INFO [main] org.apache.catalina.core.ApplicationContext.log SessionListener: contextInitialized()
03-May-2019 10:13:28.074 INFO [main] org.apache.catalina.core.ApplicationContext.log ContextListener: attributeAdded('StockTicker', 'async.Stockticker@3e2fc448')
03-May-2019 10:50:26.803 SEVERE [http-nio-9189-exec-3] org.apache.catalina.core.ApplicationDispatcher.invoke Servlet.service() for servlet [jsp] threw exception
 org.apache.jasper.JasperException: Unable to compile class for JSP: 

An error occurred at line: [52] in the jsp file: [/WEB-INF/jsp/home.jsp]
List cannot be resolved to a type
49:           <div id="carouselExampleControls" class="carousel slide" data-ride="carousel">
50:             <div class="carousel-inner">
51:               <%
52:               List<User> recommendations = (List<User>) session.getAttribute("recommendations");
53:               if(recommendations == null){
54: 
55: 


An error occurred at line: [52] in the jsp file: [/WEB-INF/jsp/home.jsp]
User cannot be resolved to a type
49:           <div id="carouselExampleControls" class="carousel slide" data-ride="carousel">
50:             <div class="carousel-inner">
51:               <%
52:               List<User> recommendations = (List<User>) session.getAttribute("recommendations");
53:               if(recommendations == null){
54: 
55: 


An error occurred at line: [52] in the jsp file: [/WEB-INF/jsp/home.jsp]
List cannot be resolved to a type
49:           <div id="carouselExampleControls" class="carousel slide" data-ride="carousel">
50:             <div class="carousel-inner">
51:               <%
52:               List<User> recommendations = (List<User>) session.getAttribute("recommendations");
53:               if(recommendations == null){
54: 
55: 


An error occurred at line: [52] in the jsp file: [/WEB-INF/jsp/home.jsp]
User cannot be resolved to a type
49:           <div id="carouselExampleControls" class="carousel slide" data-ride="carousel">
50:             <div class="carousel-inner">
51:               <%
52:               List<User> recommendations = (List<User>) session.getAttribute("recommendations");
53:               if(recommendations == null){
54: 
55: 


An error occurred at line: [52] in the jsp file: [/WEB-INF/jsp/home.jsp]
session cannot be resolved
49:           <div id="carouselExampleControls" class="carousel slide" data-ride="carousel">
50:             <div class="carousel-inner">
51:               <%
52:               List<User> recommendations = (List<User>) session.getAttribute("recommendations");
53:               if(recommendations == null){
54: 
55: 


An error occurred at line: [62] in the jsp file: [/WEB-INF/jsp/home.jsp]
User cannot be resolved to a type
59:               </div>
60:               <%}else{
61:                 int index = 0;
62:                 for(User user: recommendations){
63:                   if(index == 0){
64:                   %>
65:                     <div class="carousel-item active">


An error occurred at line: [387] in the generated java file: [/home/matthew/Documents/first_dates/apache-tomcat-9.0.16/work/Catalina/localhost/first_dates/org/apache/jsp/WEB_002dINF/jsp/home_jsp.java]
Syntax error, insert "}" to complete Block

An error occurred at line: [404] in the generated java file: [/home/matthew/Documents/first_dates/apache-tomcat-9.0.16/work/Catalina/localhost/first_dates/org/apache/jsp/WEB_002dINF/jsp/home_jsp.java]
Syntax error on token "}", delete this token

An error occurred at line: [405] in the generated java file: [/home/matthew/Documents/first_dates/apache-tomcat-9.0.16/work/Catalina/localhost/first_dates/org/apache/jsp/WEB_002dINF/jsp/home_jsp.java]
Syntax error, insert "}" to complete ClassBody

Stacktrace:
	at org.apache.jasper.compiler.DefaultErrorHandler.javacError(DefaultErrorHandler.java:103)
	at org.apache.jasper.compiler.ErrorDispatcher.javacError(ErrorDispatcher.java:213)
	at org.apache.jasper.compiler.JDTCompiler.generateClass(JDTCompiler.java:473)
	at org.apache.jasper.compiler.Compiler.compile(Compiler.java:392)
	at org.apache.jasper.compiler.Compiler.compile(Compiler.java:362)
	at org.apache.jasper.compiler.Compiler.compile(Compiler.java:346)
	at org.apache.jasper.JspCompilationContext.compile(JspCompilationContext.java:603)
	at org.apache.jasper.servlet.JspServletWrapper.service(JspServletWrapper.java:399)
	at org.apache.jasper.servlet.JspServlet.serviceJspFile(JspServlet.java:385)
	at org.apache.jasper.servlet.JspServlet.service(JspServlet.java:329)
	at javax.servlet.http.HttpServlet.service(HttpServlet.java:741)
	at org.apache.catalina.core.ApplicationFilterChain.internalDoFilter(ApplicationFilterChain.java:231)
	at org.apache.catalina.core.ApplicationFilterChain.doFilter(ApplicationFilterChain.java:166)
	at org.apache.tomcat.websocket.server.WsFilter.doFilter(WsFilter.java:53)
	at org.apache.catalina.core.ApplicationFilterChain.internalDoFilter(ApplicationFilterChain.java:193)
	at org.apache.catalina.core.ApplicationFilterChain.doFilter(ApplicationFilterChain.java:166)
	at org.apache.catalina.core.ApplicationDispatcher.invoke(ApplicationDispatcher.java:712)
	at org.apache.catalina.core.ApplicationDispatcher.processRequest(ApplicationDispatcher.java:459)
	at org.apache.catalina.core.ApplicationDispatcher.doForward(ApplicationDispatcher.java:384)
	at org.apache.catalina.core.ApplicationDispatcher.forward(ApplicationDispatcher.java:312)
	at controllers.Home.doGet(Home.java:26)
	at javax.servlet.http.HttpServlet.service(HttpServlet.java:634)
	at javax.servlet.http.HttpServlet.service(HttpServlet.java:741)
	at org.apache.catalina.core.ApplicationFilterChain.internalDoFilter(ApplicationFilterChain.java:231)
	at org.apache.catalina.core.ApplicationFilterChain.doFilter(ApplicationFilterChain.java:166)
	at org.apache.tomcat.websocket.server.WsFilter.doFilter(WsFilter.java:53)
	at org.apache.catalina.core.ApplicationFilterChain.internalDoFilter(ApplicationFilterChain.java:193)
	at org.apache.catalina.core.ApplicationFilterChain.doFilter(ApplicationFilterChain.java:166)
	at org.apache.catalina.core.StandardWrapperValve.invoke(StandardWrapperValve.java:200)
	at org.apache.catalina.core.StandardContextValve.invoke(StandardContextValve.java:96)
	at org.apache.catalina.authenticator.AuthenticatorBase.invoke(AuthenticatorBase.java:490)
	at org.apache.catalina.core.StandardHostValve.invoke(StandardHostValve.java:139)
	at org.apache.catalina.valves.ErrorReportValve.invoke(ErrorReportValve.java:92)
	at org.apache.catalina.valves.AbstractAccessLogValve.invoke(AbstractAccessLogValve.java:668)
	at org.apache.catalina.core.StandardEngineValve.invoke(StandardEngineValve.java:74)
	at org.apache.catalina.connector.CoyoteAdapter.service(CoyoteAdapter.java:343)
	at org.apache.coyote.http11.Http11Processor.service(Http11Processor.java:408)
	at org.apache.coyote.AbstractProcessorLight.process(AbstractProcessorLight.java:66)
	at org.apache.coyote.AbstractProtocol$ConnectionHandler.process(AbstractProtocol.java:834)
	at org.apache.tomcat.util.net.NioEndpoint$SocketProcessor.doRun(NioEndpoint.java:1415)
	at org.apache.tomcat.util.net.SocketProcessorBase.run(SocketProcessorBase.java:49)
	at java.base/java.util.concurrent.ThreadPoolExecutor.runWorker(ThreadPoolExecutor.java:1135)
	at java.base/java.util.concurrent.ThreadPoolExecutor$Worker.run(ThreadPoolExecutor.java:635)
	at org.apache.tomcat.util.threads.TaskThread$WrappingRunnable.run(TaskThread.java:61)
	at java.base/java.lang.Thread.run(Thread.java:844)

03-May-2019 10:50:26.806 SEVERE [http-nio-9189-exec-3] org.apache.catalina.core.StandardWrapperValve.invoke Servlet.service() for servlet [controllers.Home] in context with path [/first_dates] threw exception [Unable to compile class for JSP: 

An error occurred at line: [52] in the jsp file: [/WEB-INF/jsp/home.jsp]
List cannot be resolved to a type
49:           <div id="carouselExampleControls" class="carousel slide" data-ride="carousel">
50:             <div class="carousel-inner">
51:               <%
52:               List<User> recommendations = (List<User>) session.getAttribute("recommendations");
53:               if(recommendations == null){
54: 
55: 


An error occurred at line: [52] in the jsp file: [/WEB-INF/jsp/home.jsp]
User cannot be resolved to a type
49:           <div id="carouselExampleControls" class="carousel slide" data-ride="carousel">
50:             <div class="carousel-inner">
51:               <%
52:               List<User> recommendations = (List<User>) session.getAttribute("recommendations");
53:               if(recommendations == null){
54: 
55: 


An error occurred at line: [52] in the jsp file: [/WEB-INF/jsp/home.jsp]
List cannot be resolved to a type
49:           <div id="carouselExampleControls" class="carousel slide" data-ride="carousel">
50:             <div class="carousel-inner">
51:               <%
52:               List<User> recommendations = (List<User>) session.getAttribute("recommendations");
53:               if(recommendations == null){
54: 
55: 


An error occurred at line: [52] in the jsp file: [/WEB-INF/jsp/home.jsp]
User cannot be resolved to a type
49:           <div id="carouselExampleControls" class="carousel slide" data-ride="carousel">
50:             <div class="carousel-inner">
51:               <%
52:               List<User> recommendations = (List<User>) session.getAttribute("recommendations");
53:               if(recommendations == null){
54: 
55: 


An error occurred at line: [52] in the jsp file: [/WEB-INF/jsp/home.jsp]
session cannot be resolved
49:           <div id="carouselExampleControls" class="carousel slide" data-ride="carousel">
50:             <div class="carousel-inner">
51:               <%
52:               List<User> recommendations = (List<User>) session.getAttribute("recommendations");
53:               if(recommendations == null){
54: 
55: 


An error occurred at line: [62] in the jsp file: [/WEB-INF/jsp/home.jsp]
User cannot be resolved to a type
59:               </div>
60:               <%}else{
61:                 int index = 0;
62:                 for(User user: recommendations){
63:                   if(index == 0){
64:                   %>
65:                     <div class="carousel-item active">


An error occurred at line: [387] in the generated java file: [/home/matthew/Documents/first_dates/apache-tomcat-9.0.16/work/Catalina/localhost/first_dates/org/apache/jsp/WEB_002dINF/jsp/home_jsp.java]
Syntax error, insert "}" to complete Block

An error occurred at line: [404] in the generated java file: [/home/matthew/Documents/first_dates/apache-tomcat-9.0.16/work/Catalina/localhost/first_dates/org/apache/jsp/WEB_002dINF/jsp/home_jsp.java]
Syntax error on token "}", delete this token

An error occurred at line: [405] in the generated java file: [/home/matthew/Documents/first_dates/apache-tomcat-9.0.16/work/Catalina/localhost/first_dates/org/apache/jsp/WEB_002dINF/jsp/home_jsp.java]
Syntax error, insert "}" to complete ClassBody

Stacktrace:] with root cause
 org.apache.jasper.JasperException: Unable to compile class for JSP: 

An error occurred at line: [52] in the jsp file: [/WEB-INF/jsp/home.jsp]
List cannot be resolved to a type
49:           <div id="carouselExampleControls" class="carousel slide" data-ride="carousel">
50:             <div class="carousel-inner">
51:               <%
52:               List<User> recommendations = (List<User>) session.getAttribute("recommendations");
53:               if(recommendations == null){
54: 
55: 


An error occurred at line: [52] in the jsp file: [/WEB-INF/jsp/home.jsp]
User cannot be resolved to a type
49:           <div id="carouselExampleControls" class="carousel slide" data-ride="carousel">
50:             <div class="carousel-inner">
51:               <%
52:               List<User> recommendations = (List<User>) session.getAttribute("recommendations");
53:               if(recommendations == null){
54: 
55: 


An error occurred at line: [52] in the jsp file: [/WEB-INF/jsp/home.jsp]
List cannot be resolved to a type
49:           <div id="carouselExampleControls" class="carousel slide" data-ride="carousel">
50:             <div class="carousel-inner">
51:               <%
52:               List<User> recommendations = (List<User>) session.getAttribute("recommendations");
53:               if(recommendations == null){
54: 
55: 


An error occurred at line: [52] in the jsp file: [/WEB-INF/jsp/home.jsp]
User cannot be resolved to a type
49:           <div id="carouselExampleControls" class="carousel slide" data-ride="carousel">
50:             <div class="carousel-inner">
51:               <%
52:               List<User> recommendations = (List<User>) session.getAttribute("recommendations");
53:               if(recommendations == null){
54: 
55: 


An error occurred at line: [52] in the jsp file: [/WEB-INF/jsp/home.jsp]
session cannot be resolved
49:           <div id="carouselExampleControls" class="carousel slide" data-ride="carousel">
50:             <div class="carousel-inner">
51:               <%
52:               List<User> recommendations = (List<User>) session.getAttribute("recommendations");
53:               if(recommendations == null){
54: 
55: 


An error occurred at line: [62] in the jsp file: [/WEB-INF/jsp/home.jsp]
User cannot be resolved to a type
59:               </div>
60:               <%}else{
61:                 int index = 0;
62:                 for(User user: recommendations){
63:                   if(index == 0){
64:                   %>
65:                     <div class="carousel-item active">


An error occurred at line: [387] in the generated java file: [/home/matthew/Documents/first_dates/apache-tomcat-9.0.16/work/Catalina/localhost/first_dates/org/apache/jsp/WEB_002dINF/jsp/home_jsp.java]
Syntax error, insert "}" to complete Block

An error occurred at line: [404] in the generated java file: [/home/matthew/Documents/first_dates/apache-tomcat-9.0.16/work/Catalina/localhost/first_dates/org/apache/jsp/WEB_002dINF/jsp/home_jsp.java]
Syntax error on token "}", delete this token

An error occurred at line: [405] in the generated java file: [/home/matthew/Documents/first_dates/apache-tomcat-9.0.16/work/Catalina/localhost/first_dates/org/apache/jsp/WEB_002dINF/jsp/home_jsp.java]
Syntax error, insert "}" to complete ClassBody

Stacktrace:
	at org.apache.jasper.compiler.DefaultErrorHandler.javacError(DefaultErrorHandler.java:103)
	at org.apache.jasper.compiler.ErrorDispatcher.javacError(ErrorDispatcher.java:213)
	at org.apache.jasper.compiler.JDTCompiler.generateClass(JDTCompiler.java:473)
	at org.apache.jasper.compiler.Compiler.compile(Compiler.java:392)
	at org.apache.jasper.compiler.Compiler.compile(Compiler.java:362)
	at org.apache.jasper.compiler.Compiler.compile(Compiler.java:346)
	at org.apache.jasper.JspCompilationContext.compile(JspCompilationContext.java:603)
	at org.apache.jasper.servlet.JspServletWrapper.service(JspServletWrapper.java:399)
	at org.apache.jasper.servlet.JspServlet.serviceJspFile(JspServlet.java:385)
	at org.apache.jasper.servlet.JspServlet.service(JspServlet.java:329)
	at javax.servlet.http.HttpServlet.service(HttpServlet.java:741)
	at org.apache.catalina.core.ApplicationFilterChain.internalDoFilter(ApplicationFilterChain.java:231)
	at org.apache.catalina.core.ApplicationFilterChain.doFilter(ApplicationFilterChain.java:166)
	at org.apache.tomcat.websocket.server.WsFilter.doFilter(WsFilter.java:53)
	at org.apache.catalina.core.ApplicationFilterChain.internalDoFilter(ApplicationFilterChain.java:193)
	at org.apache.catalina.core.ApplicationFilterChain.doFilter(ApplicationFilterChain.java:166)
	at org.apache.catalina.core.ApplicationDispatcher.invoke(ApplicationDispatcher.java:712)
	at org.apache.catalina.core.ApplicationDispatcher.processRequest(ApplicationDispatcher.java:459)
	at org.apache.catalina.core.ApplicationDispatcher.doForward(ApplicationDispatcher.java:384)
	at org.apache.catalina.core.ApplicationDispatcher.forward(ApplicationDispatcher.java:312)
	at controllers.Home.doGet(Home.java:26)
	at javax.servlet.http.HttpServlet.service(HttpServlet.java:634)
	at javax.servlet.http.HttpServlet.service(HttpServlet.java:741)
	at org.apache.catalina.core.ApplicationFilterChain.internalDoFilter(ApplicationFilterChain.java:231)
	at org.apache.catalina.core.ApplicationFilterChain.doFilter(ApplicationFilterChain.java:166)
	at org.apache.tomcat.websocket.server.WsFilter.doFilter(WsFilter.java:53)
	at org.apache.catalina.core.ApplicationFilterChain.internalDoFilter(ApplicationFilterChain.java:193)
	at org.apache.catalina.core.ApplicationFilterChain.doFilter(ApplicationFilterChain.java:166)
	at org.apache.catalina.core.StandardWrapperValve.invoke(StandardWrapperValve.java:200)
	at org.apache.catalina.core.StandardContextValve.invoke(StandardContextValve.java:96)
	at org.apache.catalina.authenticator.AuthenticatorBase.invoke(AuthenticatorBase.java:490)
	at org.apache.catalina.core.StandardHostValve.invoke(StandardHostValve.java:139)
	at org.apache.catalina.valves.ErrorReportValve.invoke(ErrorReportValve.java:92)
	at org.apache.catalina.valves.AbstractAccessLogValve.invoke(AbstractAccessLogValve.java:668)
	at org.apache.catalina.core.StandardEngineValve.invoke(StandardEngineValve.java:74)
	at org.apache.catalina.connector.CoyoteAdapter.service(CoyoteAdapter.java:343)
	at org.apache.coyote.http11.Http11Processor.service(Http11Processor.java:408)
	at org.apache.coyote.AbstractProcessorLight.process(AbstractProcessorLight.java:66)
	at org.apache.coyote.AbstractProtocol$ConnectionHandler.process(AbstractProtocol.java:834)
	at org.apache.tomcat.util.net.NioEndpoint$SocketProcessor.doRun(NioEndpoint.java:1415)
	at org.apache.tomcat.util.net.SocketProcessorBase.run(SocketProcessorBase.java:49)
	at java.base/java.util.concurrent.ThreadPoolExecutor.runWorker(ThreadPoolExecutor.java:1135)
	at java.base/java.util.concurrent.ThreadPoolExecutor$Worker.run(ThreadPoolExecutor.java:635)
	at org.apache.tomcat.util.threads.TaskThread$WrappingRunnable.run(TaskThread.java:61)
	at java.base/java.lang.Thread.run(Thread.java:844)

03-May-2019 11:25:10.524 SEVERE [http-nio-9189-exec-8] org.apache.catalina.core.StandardWrapperValve.invoke Servlet.service() for servlet [jsp] in context with path [/first_dates] threw exception [/home_old.jsp (line: [43], column: [5]) File [navbar.jsp] not found] with root cause
 org.apache.jasper.JasperException: /home_old.jsp (line: [43], column: [5]) File [navbar.jsp] not found
	at org.apache.jasper.compiler.DefaultErrorHandler.jspError(DefaultErrorHandler.java:42)
	at org.apache.jasper.compiler.ErrorDispatcher.dispatch(ErrorDispatcher.java:292)
	at org.apache.jasper.compiler.ErrorDispatcher.jspError(ErrorDispatcher.java:98)
	at org.apache.jasper.compiler.Parser.processIncludeDirective(Parser.java:345)
	at org.apache.jasper.compiler.Parser.parseIncludeDirective(Parser.java:380)
	at org.apache.jasper.compiler.Parser.parseDirective(Parser.java:481)
	at org.apache.jasper.compiler.Parser.parseFileDirectives(Parser.java:1797)
	at org.apache.jasper.compiler.Parser.parse(Parser.java:141)
	at org.apache.jasper.compiler.ParserController.doParse(ParserController.java:244)
	at org.apache.jasper.compiler.ParserController.parseDirectives(ParserController.java:127)
	at org.apache.jasper.compiler.Compiler.generateJava(Compiler.java:202)
	at org.apache.jasper.compiler.Compiler.compile(Compiler.java:385)
	at org.apache.jasper.compiler.Compiler.compile(Compiler.java:362)
	at org.apache.jasper.compiler.Compiler.compile(Compiler.java:346)
	at org.apache.jasper.JspCompilationContext.compile(JspCompilationContext.java:603)
	at org.apache.jasper.servlet.JspServletWrapper.service(JspServletWrapper.java:399)
	at org.apache.jasper.servlet.JspServlet.serviceJspFile(JspServlet.java:385)
	at org.apache.jasper.servlet.JspServlet.service(JspServlet.java:329)
	at javax.servlet.http.HttpServlet.service(HttpServlet.java:741)
	at org.apache.catalina.core.ApplicationFilterChain.internalDoFilter(ApplicationFilterChain.java:231)
	at org.apache.catalina.core.ApplicationFilterChain.doFilter(ApplicationFilterChain.java:166)
	at org.apache.tomcat.websocket.server.WsFilter.doFilter(WsFilter.java:53)
	at org.apache.catalina.core.ApplicationFilterChain.internalDoFilter(ApplicationFilterChain.java:193)
	at org.apache.catalina.core.ApplicationFilterChain.doFilter(ApplicationFilterChain.java:166)
	at org.apache.catalina.core.StandardWrapperValve.invoke(StandardWrapperValve.java:200)
	at org.apache.catalina.core.StandardContextValve.invoke(StandardContextValve.java:96)
	at org.apache.catalina.authenticator.AuthenticatorBase.invoke(AuthenticatorBase.java:490)
	at org.apache.catalina.core.StandardHostValve.invoke(StandardHostValve.java:139)
	at org.apache.catalina.valves.ErrorReportValve.invoke(ErrorReportValve.java:92)
	at org.apache.catalina.valves.AbstractAccessLogValve.invoke(AbstractAccessLogValve.java:668)
	at org.apache.catalina.core.StandardEngineValve.invoke(StandardEngineValve.java:74)
	at org.apache.catalina.connector.CoyoteAdapter.service(CoyoteAdapter.java:343)
	at org.apache.coyote.http11.Http11Processor.service(Http11Processor.java:408)
	at org.apache.coyote.AbstractProcessorLight.process(AbstractProcessorLight.java:66)
	at org.apache.coyote.AbstractProtocol$ConnectionHandler.process(AbstractProtocol.java:834)
	at org.apache.tomcat.util.net.NioEndpoint$SocketProcessor.doRun(NioEndpoint.java:1415)
	at org.apache.tomcat.util.net.SocketProcessorBase.run(SocketProcessorBase.java:49)
	at java.base/java.util.concurrent.ThreadPoolExecutor.runWorker(ThreadPoolExecutor.java:1135)
	at java.base/java.util.concurrent.ThreadPoolExecutor$Worker.run(ThreadPoolExecutor.java:635)
	at org.apache.tomcat.util.threads.TaskThread$WrappingRunnable.run(TaskThread.java:61)
	at java.base/java.lang.Thread.run(Thread.java:844)

